---------------------------------------------------
timestamp 2017.09.11.14.48.09
USER   PID  CPU%  ARG
---------------------------------------------------
---------------------------------------------------
timestamp 2017.09.11.14.48.14
USER   PID  CPU%  ARG
24426 lfrote 343.7 -Djava.util.logging.config.file=/lfrote/lif
---------------------------------------------------
---------------------------------------------------
timestamp 2017.09.11.14.49.38
USER   PID  CPU%  ARG
24426 lfrote 261.1 -Djava.util.logging.config.file=/lfrote/lif
32056 liferay 192.9 -Djava.util.logging.config.file=/liferay/liferay-814
---------------------------------------------------
---------------------------------------------------
timestamp 2017.09.11.14.53.56
USER   PID  CPU%  ARG
---------------------------------------------------
---------------------------------------------------
timestamp 2017.09.11.14.54.01
USER   PID  CPU%  ARG
---------------------------------------------------
---------------------------------------------------
timestamp 2017.09.11.14.54.15
USER   PID  CPU%  ARG
---------------------------------------------------
---------------------------------------------------
timestamp 2017.09.11.14.56.03
USER   PID  CPU%  ARG
---------------------------------------------------
---------------------------------------------------
timestamp 2017.09.11.14.57.01
USER   PID  CPU%  ARG
---------------------------------------------------
---------------------------------------------------
timestamp 2017.09.11.14.57.05
USER   PID  CPU%  ARG
24426 lfrote 634.3 -Djava.util.logging.config.file=/lfrote/lif
---------------------------------------------------
---------------------------------------------------
timestamp 2017.09.11.18.52.40
USER   PID  CPU%  ARG
32056 liferay 254.8 -Djava.util.logging.config.file=/liferay/liferay-814
24426 lfrote 140.1 -Djava.util.logging.config.file=/lfrote/lif
---------------------------------------------------
---------------------------------------------------
timestamp 2017.09.11.18.54.02
USER   PID  CPU%  ARG
24426 lfrote 222.2 /lfrote/jdk1.6.0_3
32056 liferay 130.6 /liferay//java/bin
---------------------------------------------------
---------------------------------------------------
timestamp 2017.09.11.18.55.39
USER   PID  CPU%  ARG
32056 liferay 161.5 -Djava.util.logging.config.file=/liferay/liferay-814
24426 lfrote 13.6 -Djava.util.logging.config.file=/lfrote/life
---------------------------------------------------
---------------------------------------------------
timestamp 2017.09.11.18.56.36
USER   PID  CPU%  ARG
24426 lfrote 124.9 -Djava.util.logging.config.file=/lfrote/lif
32056 liferay 39.0 -Djava.util.logging.config.file=/liferay/liferay-8140
---------------------------------------------------
---------------------------------------------------
timestamp 2017.09.11.18.57.01
USER   PID  CPU%  ARG
24426 lfrote 307.7 /lfrote/jdk1.6.0_3
32056 liferay 70.1 /liferay//java/bin/
---------------------------------------------------
---------------------------------------------------
timestamp 2017.09.11.19.10.18
USER   PID  CPU%  ARG
32056 liferay 121.1 -Djava.util.logging.config.file=/liferay/liferay-814
13385 root 119.1 /root/scripts/jmxterm-1.0-alpha-4-uber
24426 lfrote 82.6 -Djava.util.logging.config.file=/lfrote/life
13572 root 3.8 1
---------------------------------------------------
---------------------------------------------------
timestamp 2017.09.11.19.12.01
USER   PID  CPU%  ARG
24426 lfrote 177.5 /lfrote/jdk1.6.0_3
32056 liferay 62.4 /liferay//java/bin/
---------------------------------------------------
---------------------------------------------------
timestamp 2017.09.11.19.15.01
USER   PID  CPU%  ARG
24426 lfrote 219.2 /lfrote/jdk1.6.0_3
32056 liferay 122.2 /liferay//java/bin
15929 root 77.6 /lfrote/lif
15930 root 40.7 19:12:0
---------------------------------------------------
---------------------------------------------------
timestamp 2017.09.11.19.15.05
USER   PID  CPU%  ARG
32056 liferay 200.0 -Djava.util.logging.config.file=/liferay/liferay-814
24426 lfrote 99.0 -Djava.util.logging.config.file=/lfrote/life
16341 root 64.1 /lfrote/liferay-otegr/tomcat-7.0.25/logs/catalina.out
16342 root 44.7 19:12:0
16459 root 3.9 1
---------------------------------------------------
---------------------------------------------------
timestamp 2017.09.11.19.16.11
USER   PID  CPU%  ARG
17376 root 62.4 /lfrote/liferay-otegr/tomcat-7.0.25/logs/catalina.out
17377 root 46.8 19:12:0
24426 lfrote 37.0 -Djava.util.logging.config.file=/lfrote/life
---------------------------------------------------
---------------------------------------------------
timestamp 2017.09.11.19.16.38
USER   PID  CPU%  ARG
17868 root 79.6 /lfrote/liferay-otegr/tomcat-7.0.25/logs/catalina.out
24426 lfrote 67.9 -Djava.util.logging.config.file=/lfrote/life
17869 root 44.6 19:12:0
32056 liferay 7.8 -Djava.util.logging.config.file=/liferay/liferay-8140
17986 root 3.9 1
---------------------------------------------------
---------------------------------------------------
timestamp 2017.09.11.19.19.27
USER   PID  CPU%  ARG
---------------------------------------------------
---------------------------------------------------
timestamp 2017.09.11.19.19.41
USER   PID  CPU%  ARG
19631 root 85.7 /lfrote/liferay-otegr/tomcat-7.0.25/logs/catalina.out
24426 lfrote 79.9 -Djava.util.logging.config.file=/lfrote/life
19632 root 35.1 19:12:0
---------------------------------------------------
---------------------------------------------------
timestamp 2017.09.11.19.20.02
USER   PID  CPU%  ARG
19800 root 66.1 /lfrote/liferay-otegr/tomcat-7.0.25/logs/catalina.out
19801 root 52.5 19:12:0
---------------------------------------------------
---------------------------------------------------
timestamp 2017.09.11.19.20.05
USER   PID  CPU%  ARG
24426 lfrote 76.0 -Djava.util.logging.config.file=/lfrote/life
19800 root 64.3 /lfrote/liferay-otegr/tomcat-7.0.25/logs/catalina.out
19801 root 44.8 19:12:0
---------------------------------------------------
---------------------------------------------------
timestamp 2017.09.11.19.21.01
USER   PID  CPU%  ARG
24426 lfrote 189.1 /lfrote/jdk1.6.0_3
20781 root 81.9 /lfrote/lif
20782 root 39.0 19:12:0
---------------------------------------------------
---------------------------------------------------
timestamp 2017.09.12.14.16.01
USER   PID  CPU%  ARG
24426 lfrote 950.6 /lfrote/jdk1.6.0_3
---------------------------------------------------
---------------------------------------------------
timestamp 2017.09.12.14.18.01
USER   PID  CPU%  ARG
24426 lfrote 1040.4 /lfrote/jdk1.6.0_
---------------------------------------------------
---------------------------------------------------
timestamp 2017.09.12.14.20.01
USER   PID  CPU%  ARG
24426 lfrote 1136.3 /lfrote/jdk1.6.0_
---------------------------------------------------
---------------------------------------------------
timestamp 2017.09.12.14.22.01
USER   PID  CPU%  ARG
24426 lfrote 351.4 /lfrote/jdk1.6.0_3
---------------------------------------------------
---------------------------------------------------
timestamp 2017.09.12.16.56.04
USER   PID  CPU%  ARG
24426 lfrote 1459.5 /lfrote/jdk1.6.0_
---------------------------------------------------
---------------------------------------------------
timestamp 2017.09.12.16.58.04
USER   PID  CPU%  ARG
24426 lfrote 921.0 /lfrote/jdk1.6.0_3
---------------------------------------------------
---------------------------------------------------
timestamp 2017.09.12.17.00.05
USER   PID  CPU%  ARG
24426 lfrote 725.7 /lfrote/jdk1.6.0_3
---------------------------------------------------
---------------------------------------------------
timestamp 2017.09.12.17.02.06
USER   PID  CPU%  ARG
24426 lfrote 1280.7 /lfrote/jdk1.6.0_
---------------------------------------------------
---------------------------------------------------
timestamp 2017.09.12.17.04.05
USER   PID  CPU%  ARG
24426 lfrote 1429.2 /lfrote/jdk1.6.0_
---------------------------------------------------
---------------------------------------------------
timestamp 2017.09.12.17.06.03
USER   PID  CPU%  ARG
24426 lfrote 1200.8 /lfrote/jdk1.6.0_
---------------------------------------------------
---------------------------------------------------
timestamp 2017.09.12.17.08.03
USER   PID  CPU%  ARG
24426 lfrote 1258.5 /lfrote/jdk1.6.0_
---------------------------------------------------
---------------------------------------------------
timestamp 2017.09.12.17.10.07
USER   PID  CPU%  ARG
24426 lfrote 2797.1 /lfrote/jdk1.6.0_
---------------------------------------------------
---------------------------------------------------
timestamp 2017.09.12.17.12.05
USER   PID  CPU%  ARG
24426 lfrote 965.9 /lfrote/jdk1.6.0_3
---------------------------------------------------
---------------------------------------------------
timestamp 2017.09.12.17.14.06
USER   PID  CPU%  ARG
24426 lfrote 1909.3 /lfrote/jdk1.6.0_
32056 liferay 253.5 /liferay//java/bin
---------------------------------------------------
---------------------------------------------------
timestamp 2017.09.12.17.16.03
USER   PID  CPU%  ARG
24426 lfrote 1501.6 /lfrote/jdk1.6.0_
---------------------------------------------------
---------------------------------------------------
timestamp 2017.09.12.17.18.01
USER   PID  CPU%  ARG
24426 lfrote 778.7 /lfrote/jdk1.6.0_3
32056 liferay 214.1 /liferay//java/bin
---------------------------------------------------
---------------------------------------------------
timestamp 2017.09.12.17.20.01
USER   PID  CPU%  ARG
24426 lfrote 929.9 /lfrote/jdk1.6.0_3
---------------------------------------------------
---------------------------------------------------
timestamp 2017.09.12.20.38.01
USER   PID  CPU%  ARG
---------------------------------------------------
---------------------------------------------------
timestamp 2017.09.12.21.10.01
USER   PID  CPU%  ARG
---------------------------------------------------
---------------------------------------------------
timestamp 2017.09.12.21.18.01
USER   PID  CPU%  ARG
32056 liferay 398.3 /liferay//java/bin
---------------------------------------------------
---------------------------------------------------
timestamp 2017.09.12.21.32.02
USER   PID  CPU%  ARG
---------------------------------------------------
---------------------------------------------------
timestamp 2017.09.12.21.40.02
USER   PID  CPU%  ARG
32056 liferay 248.0 /liferay//java/bin
---------------------------------------------------
---------------------------------------------------
timestamp 2017.09.12.21.44.02
USER   PID  CPU%  ARG
32056 liferay 326.6 /liferay//java/bin
---------------------------------------------------
---------------------------------------------------
timestamp 2017.09.12.21.48.01
USER   PID  CPU%  ARG
32056 liferay 316.3 /liferay//java/bin
---------------------------------------------------
---------------------------------------------------
timestamp 2017.09.12.21.52.01
USER   PID  CPU%  ARG
32056 liferay 270.9 /liferay//java/bin
---------------------------------------------------
---------------------------------------------------
timestamp 2017.09.12.21.54.01
USER   PID  CPU%  ARG
---------------------------------------------------
---------------------------------------------------
timestamp 2017.09.12.21.56.02
USER   PID  CPU%  ARG
---------------------------------------------------
---------------------------------------------------
timestamp 2017.09.12.21.58.01
USER   PID  CPU%  ARG
32056 liferay 292.0 /liferay//java/bin
---------------------------------------------------
---------------------------------------------------
timestamp 2017.09.12.22.00.01
USER   PID  CPU%  ARG
32056 liferay 367.4 /liferay//java/bin
---------------------------------------------------
---------------------------------------------------
timestamp 2017.09.12.22.54.01
USER   PID  CPU%  ARG
12450 lfrote 323.4 /lfrote/jdk1.6.0_3
---------------------------------------------------
---------------------------------------------------
timestamp 2017.09.12.22.56.01
USER   PID  CPU%  ARG
12450 lfrote 311.2 /lfrote/jdk1.6.0_3
---------------------------------------------------
---------------------------------------------------
timestamp 2017.09.12.23.32.01
USER   PID  CPU%  ARG
---------------------------------------------------
---------------------------------------------------
timestamp 2017.09.13.10.52.01
USER   PID  CPU%  ARG
29273 lfrote 707.0 /lfrote/jdk1.6.0_3
---------------------------------------------------
---------------------------------------------------
timestamp 2017.09.13.10.54.01
USER   PID  CPU%  ARG
29273 lfrote 1166.2 /lfrote/jdk1.6.0_
---------------------------------------------------
---------------------------------------------------
timestamp 2017.09.13.10.56.02
USER   PID  CPU%  ARG
29273 lfrote 948.7 /lfrote/jdk1.6.0_3
---------------------------------------------------
---------------------------------------------------
timestamp 2017.09.13.10.58.01
USER   PID  CPU%  ARG
29273 lfrote 1170.4 /lfrote/jdk1.6.0_
---------------------------------------------------
---------------------------------------------------
timestamp 2017.09.13.11.00.03
USER   PID  CPU%  ARG
29273 lfrote 1168.9 /lfrote/jdk1.6.0_
---------------------------------------------------
---------------------------------------------------
timestamp 2017.09.13.11.02.01
USER   PID  CPU%  ARG
29273 lfrote 433.4 /lfrote/jdk1.6.0_3
---------------------------------------------------
---------------------------------------------------
timestamp 2017.09.13.11.04.01
USER   PID  CPU%  ARG
---------------------------------------------------
---------------------------------------------------
timestamp 2017.09.13.11.54.01
USER   PID  CPU%  ARG
29273 lfrote 562.8 /lfrote/jdk1.6.0_3
---------------------------------------------------
---------------------------------------------------
timestamp 2017.09.13.11.56.01
USER   PID  CPU%  ARG
29273 lfrote 740.0 /lfrote/jdk1.6.0_3
---------------------------------------------------
---------------------------------------------------
timestamp 2017.09.13.11.58.01
USER   PID  CPU%  ARG
29273 lfrote 841.9 /lfrote/jdk1.6.0_3
---------------------------------------------------
---------------------------------------------------
timestamp 2017.09.13.12.00.02
USER   PID  CPU%  ARG
29273 lfrote 883.1 /lfrote/jdk1.6.0_3
---------------------------------------------------
---------------------------------------------------
timestamp 2017.09.13.12.02.01
USER   PID  CPU%  ARG
29273 lfrote 227.6 /lfrote/jdk1.6.0_3
---------------------------------------------------
